# JRE version: OpenJDK Runtime Environment (11.0.13) (build 11.0.13+0-b1751.21-8125866)
# Java VM: OpenJDK 64-Bit Server VM (11.0.13+0-b1751.21-8125866, mixed mode, tiered, compressed oops, g1 gc, windows-amd64)
Heap:
 garbage-first heap   total 305152K, used 144896K [0x0000000080000000, 0x0000000100000000)
  region size 1024K, 78 young (79872K), 5 survivors (5120K)
 Metaspace       used 92211K, capacity 94399K, committed 94504K, reserved 1132544K
  class space    used 11813K, capacity 12667K, committed 12748K, reserved 1048576K
GC Heap History (20 events):
Event: 3.546 GC heap before
{Heap before GC invocations=3 (full 0):
 garbage-first heap   total 253952K, used 29427K [0x0000000080000000, 0x0000000100000000)
  region size 1024K, 24 young (24576K), 12 survivors (12288K)
 Metaspace       used 22131K, capacity 22618K, committed 22780K, reserved 1069056K
  class space    used 2772K, capacity 2934K, committed 2944K, reserved 1048576K
}
Event: 3.556 GC heap after
{Heap after GC invocations=4 (full 0):
 garbage-first heap   total 253952K, used 17561K [0x0000000080000000, 0x0000000100000000)
  region size 1024K, 1 young (1024K), 1 survivors (1024K)
 Metaspace       used 22131K, capacity 22618K, committed 22780K, reserved 1069056K
  class space    used 2772K, capacity 2934K, committed 2944K, reserved 1048576K
}
Event: 4.672 GC heap before
{Heap before GC invocations=4 (full 0):
 garbage-first heap   total 253952K, used 92313K [0x0000000080000000, 0x0000000100000000)
  region size 1024K, 74 young (75776K), 1 survivors (1024K)
 Metaspace       used 29212K, capacity 29884K, committed 30080K, reserved 1075200K
  class space    used 3851K, capacity 4107K, committed 4224K, reserved 1048576K
}
Event: 4.678 GC heap after
{Heap after GC invocations=5 (full 0):
 garbage-first heap   total 253952K, used 19727K [0x0000000080000000, 0x0000000100000000)
  region size 1024K, 3 young (3072K), 3 survivors (3072K)
 Metaspace       used 29212K, capacity 29884K, committed 30080K, reserved 1075200K
  class space    used 3851K, capacity 4107K, committed 4224K, reserved 1048576K
}
Event: 5.359 GC heap before
{Heap before GC invocations=5 (full 0):
 garbage-first heap   total 253952K, used 47375K [0x0000000080000000, 0x0000000100000000)
  region size 1024K, 31 young (31744K), 3 survivors (3072K)
 Metaspace       used 35201K, capacity 35978K, committed 36048K, reserved 1081344K
  class space    used 4526K, capacity 4840K, committed 4864K, reserved 1048576K
}
Event: 5.369 GC heap after
{Heap after GC invocations=6 (full 0):
 garbage-first heap   total 253952K, used 22407K [0x0000000080000000, 0x0000000100000000)
  region size 1024K, 6 young (6144K), 6 survivors (6144K)
 Metaspace       used 35201K, capacity 35978K, committed 36048K, reserved 1081344K
  class space    used 4526K, capacity 4840K, committed 4864K, reserved 1048576K
}
Event: 6.446 GC heap before
{Heap before GC invocations=7 (full 0):
 garbage-first heap   total 253952K, used 97159K [0x0000000080000000, 0x0000000100000000)
  region size 1024K, 76 young (77824K), 6 survivors (6144K)
 Metaspace       used 40757K, capacity 41748K, committed 41884K, reserved 1085440K
  class space    used 5150K, capacity 5520K, committed 5580K, reserved 1048576K
}
Event: 6.460 GC heap after
{Heap after GC invocations=8 (full 0):
 garbage-first heap   total 253952K, used 28119K [0x0000000080000000, 0x0000000100000000)
  region size 1024K, 10 young (10240K), 10 survivors (10240K)
 Metaspace       used 40757K, capacity 41748K, committed 41884K, reserved 1085440K
  class space    used 5150K, capacity 5520K, committed 5580K, reserved 1048576K
}
Event: 7.896 GC heap before
{Heap before GC invocations=8 (full 0):
 garbage-first heap   total 253952K, used 124375K [0x0000000080000000, 0x0000000100000000)
  region size 1024K, 104 young (106496K), 10 survivors (10240K)
 Metaspace       used 48064K, capacity 49220K, committed 49564K, reserved 1091584K
  class space    used 6088K, capacity 6510K, committed 6604K, reserved 1048576K
}
Event: 7.913 GC heap after
{Heap after GC invocations=9 (full 0):
 garbage-first heap   total 253952K, used 31864K [0x0000000080000000, 0x0000000100000000)
  region size 1024K, 9 young (9216K), 9 survivors (9216K)
 Metaspace       used 48064K, capacity 49220K, committed 49564K, reserved 1091584K
  class space    used 6088K, capacity 6510K, committed 6604K, reserved 1048576K
}
Event: 9.776 GC heap before
{Heap before GC invocations=9 (full 0):
 garbage-first heap   total 253952K, used 134264K [0x0000000080000000, 0x0000000100000000)
  region size 1024K, 106 young (108544K), 9 survivors (9216K)
 Metaspace       used 59043K, capacity 60527K, committed 60636K, reserved 1101824K
  class space    used 7460K, capacity 7982K, committed 8012K, reserved 1048576K
}
Event: 9.797 GC heap after
{Heap after GC invocations=10 (full 0):
 garbage-first heap   total 253952K, used 44806K [0x0000000080000000, 0x0000000100000000)
  region size 1024K, 13 young (13312K), 13 survivors (13312K)
 Metaspace       used 59043K, capacity 60527K, committed 60636K, reserved 1101824K
  class space    used 7460K, capacity 7982K, committed 8012K, reserved 1048576K
}
Event: 11.415 GC heap before
{Heap before GC invocations=11 (full 0):
 garbage-first heap   total 253952K, used 164614K [0x0000000080000000, 0x0000000100000000)
  region size 1024K, 123 young (125952K), 13 survivors (13312K)
 Metaspace       used 65080K, capacity 66621K, committed 66856K, reserved 1107968K
  class space    used 8225K, capacity 8781K, committed 8908K, reserved 1048576K
}
Event: 11.464 GC heap after
{Heap after GC invocations=12 (full 0):
 garbage-first heap   total 253952K, used 53248K [0x0000000080000000, 0x0000000100000000)
  region size 1024K, 16 young (16384K), 16 survivors (16384K)
 Metaspace       used 65080K, capacity 66621K, committed 66856K, reserved 1107968K
  class space    used 8225K, capacity 8781K, committed 8908K, reserved 1048576K
}
Event: 13.311 GC heap before
{Heap before GC invocations=13 (full 0):
 garbage-first heap   total 253952K, used 166912K [0x0000000080000000, 0x0000000100000000)
  region size 1024K, 127 young (130048K), 16 survivors (16384K)
 Metaspace       used 75994K, capacity 77741K, committed 77992K, reserved 1116160K
  class space    used 9897K, capacity 10560K, committed 10572K, reserved 1048576K
}
Event: 13.335 GC heap after
{Heap after GC invocations=14 (full 0):
 garbage-first heap   total 253952K, used 60416K [0x0000000080000000, 0x0000000100000000)
  region size 1024K, 15 young (15360K), 15 survivors (15360K)
 Metaspace       used 75994K, capacity 77741K, committed 77992K, reserved 1116160K
  class space    used 9897K, capacity 10560K, committed 10572K, reserved 1048576K
}
Event: 15.385 GC heap before
{Heap before GC invocations=14 (full 0):
 garbage-first heap   total 253952K, used 176128K [0x0000000080000000, 0x0000000100000000)
  region size 1024K, 127 young (130048K), 15 survivors (15360K)
 Metaspace       used 83296K, capacity 85313K, committed 85544K, reserved 1124352K
  class space    used 10833K, capacity 11614K, committed 11724K, reserved 1048576K
}
Event: 15.415 GC heap after
{Heap after GC invocations=15 (full 0):
 garbage-first heap   total 253952K, used 71938K [0x0000000080000000, 0x0000000100000000)
  region size 1024K, 16 young (16384K), 16 survivors (16384K)
 Metaspace       used 83296K, capacity 85313K, committed 85544K, reserved 1124352K
  class space    used 10833K, capacity 11614K, committed 11724K, reserved 1048576K
}
Event: 17.364 GC heap before
{Heap before GC invocations=15 (full 0):
 garbage-first heap   total 253952K, used 198914K [0x0000000080000000, 0x0000000100000000)
  region size 1024K, 124 young (126976K), 16 survivors (16384K)
 Metaspace       used 89973K, capacity 92197K, committed 92456K, reserved 1130496K
  class space    used 11553K, capacity 12384K, committed 12492K, reserved 1048576K
}
Event: 17.392 GC heap after
{Heap after GC invocations=16 (full 0):
 garbage-first heap   total 305152K, used 72192K [0x0000000080000000, 0x0000000100000000)
  region size 1024K, 5 young (5120K), 5 survivors (5120K)
 Metaspace       used 89973K, capacity 92197K, committed 92456K, reserved 1130496K
  class space    used 11553K, capacity 12384K, committed 12492K, reserved 1048576K
}

